<?xml version="1.0" encoding="UTF-8"?>
<testsuite xmlns:xsi="http://www.w3.org/2001/XMLSchema-instance" xsi:noNamespaceSchemaLocation="https://maven.apache.org/surefire/maven-surefire-plugin/xsd/surefire-test-report.xsd" name="com.visma.testtask.TestTaskApplicationTests" time="27.827" tests="6" errors="6" skipped="0" failures="0">
  <properties>
[...]
</properties>
  <testcase name="all_active_are_returned_en" classname="com.visma.testtask.TestTaskApplicationTests" time="4.374">
    <error message="Connect to localhost:8080 [localhost/127.0.0.1, localhost/0:0:0:0:0:0:0:1] failed: Connection refused: connect" type="org.apache.http.conn.HttpHostConnectException">org.apache.http.conn.HttpHostConnectException: Connect to localhost:8080 [localhost/127.0.0.1, localhost/0:0:0:0:0:0:0:1] failed: Connection refused: connect
	at com.visma.testtask.TestTaskApplicationTests.executeRequest(TestTaskApplicationTests.java:108)
	at com.visma.testtask.TestTaskApplicationTests.all_active_are_returned_en(TestTaskApplicationTests.java:70)
Caused by: java.net.ConnectException: Connection refused: connect
	at com.visma.testtask.TestTaskApplicationTests.executeRequest(TestTaskApplicationTests.java:108)
	at com.visma.testtask.TestTaskApplicationTests.all_active_are_returned_en(TestTaskApplicationTests.java:70)
</error>
    <system-out><![CDATA[15:52:29.857 [main] DEBUG org.springframework.test.context.BootstrapUtils - Instantiating CacheAwareContextLoaderDelegate from class [org.springframework.test.context.cache.DefaultCacheAwareContextLoaderDelegate]
15:52:29.873 [main] DEBUG org.springframework.test.context.BootstrapUtils - Instantiating BootstrapContext using constructor [public org.springframework.test.context.support.DefaultBootstrapContext(java.lang.Class,org.springframework.test.context.CacheAwareContextLoaderDelegate)]
15:52:29.889 [main] DEBUG org.springframework.test.context.BootstrapUtils - Instantiating TestContextBootstrapper for test class [com.visma.testtask.TestTaskApplicationTests] from class [org.springframework.boot.test.context.SpringBootTestContextBootstrapper]
15:52:29.889 [main] INFO org.springframework.boot.test.context.SpringBootTestContextBootstrapper - Neither @ContextConfiguration nor @ContextHierarchy found for test class [com.visma.testtask.TestTaskApplicationTests], using SpringBootContextLoader
15:52:29.889 [main] DEBUG org.springframework.test.context.support.AbstractContextLoader - Did not detect default resource location for test class [com.visma.testtask.TestTaskApplicationTests]: class path resource [com/visma/testtask/TestTaskApplicationTests-context.xml] does not exist
15:52:29.889 [main] DEBUG org.springframework.test.context.support.AbstractContextLoader - Did not detect default resource location for test class [com.visma.testtask.TestTaskApplicationTests]: class path resource [com/visma/testtask/TestTaskApplicationTestsContext.groovy] does not exist
15:52:29.889 [main] INFO org.springframework.test.context.support.AbstractContextLoader - Could not detect default resource locations for test class [com.visma.testtask.TestTaskApplicationTests]: no resource found for suffixes {-context.xml, Context.groovy}.
15:52:29.889 [main] INFO org.springframework.test.context.support.AnnotationConfigContextLoaderUtils - Could not detect default configuration classes for test class [com.visma.testtask.TestTaskApplicationTests]: TestTaskApplicationTests does not declare any static, non-private, non-final, nested classes annotated with @Configuration.
15:52:29.929 [main] DEBUG org.springframework.test.context.support.ActiveProfilesUtils - Could not find an 'annotation declaring class' for annotation type [org.springframework.test.context.ActiveProfiles] and class [com.visma.testtask.TestTaskApplicationTests]
15:52:29.975 [main] DEBUG org.springframework.context.annotation.ClassPathScanningCandidateComponentProvider - Identified candidate component class: file [C:\Users\artis.birznieks\Downloads\java-test-task-main\java-test-task-main\test-task-blank\target\classes\com\visma\testtask\TestTaskApplication.class]
15:52:29.975 [main] INFO org.springframework.boot.test.context.SpringBootTestContextBootstrapper - Found @SpringBootConfiguration com.visma.testtask.TestTaskApplication for test class com.visma.testtask.TestTaskApplicationTests
15:52:30.029 [main] DEBUG org.springframework.boot.test.context.SpringBootTestContextBootstrapper - @TestExecutionListeners is not present for class [com.visma.testtask.TestTaskApplicationTests]: using defaults.
15:52:30.029 [main] INFO org.springframework.boot.test.context.SpringBootTestContextBootstrapper - Loaded default TestExecutionListener class names from location [META-INF/spring.factories]: [org.springframework.boot.test.mock.mockito.MockitoTestExecutionListener, org.springframework.boot.test.mock.mockito.ResetMocksTestExecutionListener, org.springframework.boot.test.autoconfigure.restdocs.RestDocsTestExecutionListener, org.springframework.boot.test.autoconfigure.web.client.MockRestServiceServerResetTestExecutionListener, org.springframework.boot.test.autoconfigure.web.servlet.MockMvcPrintOnlyOnFailureTestExecutionListener, org.springframework.boot.test.autoconfigure.web.servlet.WebDriverTestExecutionListener, org.springframework.boot.test.autoconfigure.webservices.client.MockWebServiceServerTestExecutionListener, org.springframework.test.context.web.ServletTestExecutionListener, org.springframework.test.context.support.DirtiesContextBeforeModesTestExecutionListener, org.springframework.test.context.event.ApplicationEventsTestExecutionListener, org.springframework.test.context.support.DependencyInjectionTestExecutionListener, org.springframework.test.context.support.DirtiesContextTestExecutionListener, org.springframework.test.context.transaction.TransactionalTestExecutionListener, org.springframework.test.context.jdbc.SqlScriptsTestExecutionListener, org.springframework.test.context.event.EventPublishingTestExecutionListener]
15:52:30.029 [main] INFO org.springframework.boot.test.context.SpringBootTestContextBootstrapper - Using TestExecutionListeners: [org.springframework.test.context.web.ServletTestExecutionListener@7a5ceedd, org.springframework.test.context.support.DirtiesContextBeforeModesTestExecutionListener@4201c465, org.springframework.test.context.event.ApplicationEventsTestExecutionListener@5b799640, org.springframework.boot.test.mock.mockito.MockitoTestExecutionListener@6cb107fd, org.springframework.boot.test.autoconfigure.SpringBootDependencyInjectionTestExecutionListener@710636b0, org.springframework.test.context.support.DirtiesContextTestExecutionListener@3de8f619, org.springframework.test.context.transaction.TransactionalTestExecutionListener@2ab4bc72, org.springframework.test.context.jdbc.SqlScriptsTestExecutionListener@4e5ed836, org.springframework.test.context.event.EventPublishingTestExecutionListener@eadd4fb, org.springframework.boot.test.mock.mockito.ResetMocksTestExecutionListener@740fb309, org.springframework.boot.test.autoconfigure.restdocs.RestDocsTestExecutionListener@7bd7d6d6, org.springframework.boot.test.autoconfigure.web.client.MockRestServiceServerResetTestExecutionListener@43f02ef2, org.springframework.boot.test.autoconfigure.web.servlet.MockMvcPrintOnlyOnFailureTestExecutionListener@239a307b, org.springframework.boot.test.autoconfigure.web.servlet.WebDriverTestExecutionListener@2a8448fa, org.springframework.boot.test.autoconfigure.webservices.client.MockWebServiceServerTestExecutionListener@6f204a1a]
15:52:30.045 [main] DEBUG org.springframework.test.context.support.AbstractDirtiesContextTestExecutionListener - Before test class: context [DefaultTestContext@72c8e7b testClass = TestTaskApplicationTests, testInstance = [null], testMethod = [null], testException = [null], mergedContextConfiguration = [WebMergedContextConfiguration@65f8f5ae testClass = TestTaskApplicationTests, locations = '{}', classes = '{class com.visma.testtask.TestTaskApplication}', contextInitializerClasses = '[]', activeProfiles = '{}', propertySourceLocations = '{}', propertySourceProperties = '{org.springframework.boot.test.context.SpringBootTestContextBootstrapper=true}', contextCustomizers = set[org.springframework.boot.test.context.filter.ExcludeFilterContextCustomizer@5158b42f, org.springframework.boot.test.json.DuplicateJsonObjectContextCustomizerFactory$DuplicateJsonObjectContextCustomizer@38c6f217, org.springframework.boot.test.mock.mockito.MockitoContextCustomizer@0, org.springframework.boot.test.web.client.TestRestTemplateContextCustomizer@223191a6, org.springframework.boot.test.autoconfigure.actuate.metrics.MetricsExportContextCustomizerFactory$DisableMetricExportContextCustomizer@77fbd92c, org.springframework.boot.test.autoconfigure.properties.PropertyMappingContextCustomizer@0, org.springframework.boot.test.autoconfigure.web.servlet.WebDriverContextCustomizerFactory$Customizer@799f10e1, org.springframework.boot.test.context.SpringBootTestArgs@1, org.springframework.boot.test.context.SpringBootTestWebEnvironment@42d80b78], resourceBasePath = 'src/main/webapp', contextLoader = 'org.springframework.boot.test.context.SpringBootContextLoader', parent = [null]], attributes = map['org.springframework.test.context.web.ServletTestExecutionListener.activateListener' -> true]], class annotated with @DirtiesContext [false] with mode [null].

  .   ____          _            __ _ _
 /\\ / ___'_ __ _ _(_)_ __  __ _ \ \ \ \
( ( )\___ | '_ | '_| | '_ \/ _` | \ \ \ \
 \\/  ___)| |_)| | | | | || (_| |  ) ) ) )
  '  |____| .__|_| |_|_| |_\__, | / / / /
 =========|_|==============|___/=/_/_/_/
 :: Spring Boot ::               (v2.7.12)

2025-11-28 15:52:30.229  INFO 31052 --- [           main] c.v.testtask.TestTaskApplicationTests    : Starting TestTaskApplicationTests using Java 1.8.0_472 on DIGITEX23001 with PID 31052 (started by artis.birznieks in C:\Users\artis.birznieks\Downloads\java-test-task-main\java-test-task-main\test-task-blank)
2025-11-28 15:52:30.229  INFO 31052 --- [           main] c.v.testtask.TestTaskApplicationTests    : No active profile set, falling back to 1 default profile: "default"
2025-11-28 15:52:30.610  INFO 31052 --- [           main] .s.d.r.c.RepositoryConfigurationDelegate : Bootstrapping Spring Data JPA repositories in DEFAULT mode.
2025-11-28 15:52:30.626  INFO 31052 --- [           main] .s.d.r.c.RepositoryConfigurationDelegate : Finished Spring Data repository scanning in 4 ms. Found 0 JPA repository interfaces.
2025-11-28 15:52:30.982  INFO 31052 --- [           main] com.zaxxer.hikari.HikariDataSource       : HikariPool-1 - Starting...
2025-11-28 15:52:31.151  INFO 31052 --- [           main] com.zaxxer.hikari.HikariDataSource       : HikariPool-1 - Start completed.
2025-11-28 15:52:31.183  INFO 31052 --- [           main] o.hibernate.jpa.internal.util.LogHelper  : HHH000204: Processing PersistenceUnitInfo [name: default]
2025-11-28 15:52:31.232  INFO 31052 --- [           main] org.hibernate.Version                    : HHH000412: Hibernate ORM core version 5.6.15.Final
2025-11-28 15:52:31.332  INFO 31052 --- [           main] o.hibernate.annotations.common.Version   : HCANN000001: Hibernate Commons Annotations {5.1.2.Final}
2025-11-28 15:52:31.569  INFO 31052 --- [           main] org.hibernate.dialect.Dialect            : HHH000400: Using dialect: org.hibernate.dialect.H2Dialect
2025-11-28 15:52:31.696  INFO 31052 --- [           main] o.h.e.t.j.p.i.JtaPlatformInitiator       : HHH000490: Using JtaPlatform implementation: [org.hibernate.engine.transaction.jta.platform.internal.NoJtaPlatform]
2025-11-28 15:52:31.712  INFO 31052 --- [           main] j.LocalContainerEntityManagerFactoryBean : Initialized JPA EntityManagerFactory for persistence unit 'default'
2025-11-28 15:52:31.764  WARN 31052 --- [           main] .s.s.UserDetailsServiceAutoConfiguration : 

Using generated security password: a6641d16-31cb-467c-ac1f-4c049ab0859c

This generated password is for development use only. Your security configuration must be updated before running your application in production.

2025-11-28 15:52:31.919  WARN 31052 --- [           main] JpaBaseConfiguration$JpaWebConfiguration : spring.jpa.open-in-view is enabled by default. Therefore, database queries may be performed during view rendering. Explicitly configure spring.jpa.open-in-view to disable this warning
2025-11-28 15:52:31.999  INFO 31052 --- [           main] o.s.b.a.h2.H2ConsoleAutoConfiguration    : H2 console available at '/h2-console'. Database available at 'jdbc:h2:mem:testdb'
2025-11-28 15:52:32.270  INFO 31052 --- [           main] o.s.s.web.DefaultSecurityFilterChain     : Will secure any request with [org.springframework.security.web.session.DisableEncodeUrlFilter@74a820bf, org.springframework.security.web.context.request.async.WebAsyncManagerIntegrationFilter@5a30722c, org.springframework.security.web.context.SecurityContextPersistenceFilter@4665428b, org.springframework.security.web.header.HeaderWriterFilter@a1691c0, org.springframework.web.filter.CorsFilter@4f2ac7e0, org.springframework.security.web.authentication.logout.LogoutFilter@100aa331, org.springframework.security.web.savedrequest.RequestCacheAwareFilter@7fd99443, org.springframework.security.web.servletapi.SecurityContextHolderAwareRequestFilter@6a3fbcb1, org.springframework.security.web.authentication.AnonymousAuthenticationFilter@2484dbb7, org.springframework.security.web.session.SessionManagementFilter@715fa8c5, org.springframework.security.web.access.ExceptionTranslationFilter@4017fe2c, org.springframework.security.web.access.intercept.FilterSecurityInterceptor@55296b50]
2025-11-28 15:52:32.736  INFO 31052 --- [           main] c.v.testtask.TestTaskApplicationTests    : Started TestTaskApplicationTests in 2.666 seconds (JVM running for 4.038)
]]></system-out>
  </testcase>
  <testcase name="all_active_are_returned_lv" classname="com.visma.testtask.TestTaskApplicationTests" time="4.086">
    <error message="Connect to localhost:8080 [localhost/127.0.0.1, localhost/0:0:0:0:0:0:0:1] failed: Connection refused: connect" type="org.apache.http.conn.HttpHostConnectException">org.apache.http.conn.HttpHostConnectException: Connect to localhost:8080 [localhost/127.0.0.1, localhost/0:0:0:0:0:0:0:1] failed: Connection refused: connect
	at com.visma.testtask.TestTaskApplicationTests.executeRequest(TestTaskApplicationTests.java:108)
	at com.visma.testtask.TestTaskApplicationTests.all_active_are_returned_lv(TestTaskApplicationTests.java:59)
Caused by: java.net.ConnectException: Connection refused: connect
	at com.visma.testtask.TestTaskApplicationTests.executeRequest(TestTaskApplicationTests.java:108)
	at com.visma.testtask.TestTaskApplicationTests.all_active_are_returned_lv(TestTaskApplicationTests.java:59)
</error>
  </testcase>
  <testcase name="all_inactive_are_returned_en" classname="com.visma.testtask.TestTaskApplicationTests" time="4.112">
    <error message="Connect to localhost:8080 [localhost/127.0.0.1, localhost/0:0:0:0:0:0:0:1] failed: Connection refused: connect" type="org.apache.http.conn.HttpHostConnectException">org.apache.http.conn.HttpHostConnectException: Connect to localhost:8080 [localhost/127.0.0.1, localhost/0:0:0:0:0:0:0:1] failed: Connection refused: connect
	at com.visma.testtask.TestTaskApplicationTests.executeRequest(TestTaskApplicationTests.java:108)
	at com.visma.testtask.TestTaskApplicationTests.all_inactive_are_returned_en(TestTaskApplicationTests.java:95)
Caused by: java.net.ConnectException: Connection refused: connect
	at com.visma.testtask.TestTaskApplicationTests.executeRequest(TestTaskApplicationTests.java:108)
	at com.visma.testtask.TestTaskApplicationTests.all_inactive_are_returned_en(TestTaskApplicationTests.java:95)
</error>
  </testcase>
  <testcase name="all_inactive_are_returned_lv" classname="com.visma.testtask.TestTaskApplicationTests" time="4.111">
    <error message="Connect to localhost:8080 [localhost/127.0.0.1, localhost/0:0:0:0:0:0:0:1] failed: Connection refused: connect" type="org.apache.http.conn.HttpHostConnectException">org.apache.http.conn.HttpHostConnectException: Connect to localhost:8080 [localhost/127.0.0.1, localhost/0:0:0:0:0:0:0:1] failed: Connection refused: connect
	at com.visma.testtask.TestTaskApplicationTests.executeRequest(TestTaskApplicationTests.java:108)
	at com.visma.testtask.TestTaskApplicationTests.all_inactive_are_returned_lv(TestTaskApplicationTests.java:82)
Caused by: java.net.ConnectException: Connection refused: connect
	at com.visma.testtask.TestTaskApplicationTests.executeRequest(TestTaskApplicationTests.java:108)
	at com.visma.testtask.TestTaskApplicationTests.all_inactive_are_returned_lv(TestTaskApplicationTests.java:82)
</error>
  </testcase>
  <testcase name="all_institutions_are_returned_en" classname="com.visma.testtask.TestTaskApplicationTests" time="4.103">
    <error message="Connect to localhost:8080 [localhost/127.0.0.1, localhost/0:0:0:0:0:0:0:1] failed: Connection refused: connect" type="org.apache.http.conn.HttpHostConnectException">org.apache.http.conn.HttpHostConnectException: Connect to localhost:8080 [localhost/127.0.0.1, localhost/0:0:0:0:0:0:0:1] failed: Connection refused: connect
	at com.visma.testtask.TestTaskApplicationTests.executeRequest(TestTaskApplicationTests.java:108)
	at com.visma.testtask.TestTaskApplicationTests.all_institutions_are_returned_en(TestTaskApplicationTests.java:48)
Caused by: java.net.ConnectException: Connection refused: connect
	at com.visma.testtask.TestTaskApplicationTests.executeRequest(TestTaskApplicationTests.java:108)
	at com.visma.testtask.TestTaskApplicationTests.all_institutions_are_returned_en(TestTaskApplicationTests.java:48)
</error>
  </testcase>
  <testcase name="all_institutions_are_returned_lv" classname="com.visma.testtask.TestTaskApplicationTests" time="4.116">
    <error message="Connect to localhost:8080 [localhost/127.0.0.1, localhost/0:0:0:0:0:0:0:1] failed: Connection refused: connect" type="org.apache.http.conn.HttpHostConnectException">org.apache.http.conn.HttpHostConnectException: Connect to localhost:8080 [localhost/127.0.0.1, localhost/0:0:0:0:0:0:0:1] failed: Connection refused: connect
	at com.visma.testtask.TestTaskApplicationTests.executeRequest(TestTaskApplicationTests.java:108)
	at com.visma.testtask.TestTaskApplicationTests.all_institutions_are_returned_lv(TestTaskApplicationTests.java:37)
Caused by: java.net.ConnectException: Connection refused: connect
	at com.visma.testtask.TestTaskApplicationTests.executeRequest(TestTaskApplicationTests.java:108)
	at com.visma.testtask.TestTaskApplicationTests.all_institutions_are_returned_lv(TestTaskApplicationTests.java:37)
</error>
  </testcase>
</testsuite>